AH00558: httpd.exe: Could not reliably determine the server's fully qualified domain name, using 192.168.11.36. Set the 'ServerName' directive globally to suppress this message
[Thu Nov 07 20:45:48.097065 2024] [mpm_winnt:notice] [pid 55596:tid 756] AH00455: Apache/2.4.43 (Win32) mod_fcgid/2.3.9a configured -- resuming normal operations
[Thu Nov 07 20:45:48.099067 2024] [mpm_winnt:notice] [pid 55596:tid 756] AH00456: Server built: Apr 21 2020 13:46:54
[Thu Nov 07 20:45:48.099067 2024] [core:notice] [pid 55596:tid 756] AH00094: Command line: 'C:\\Users\\ipod4\\AppData\\Roaming\\Local\\lightning-services\\apache-2.4.43+8\\bin\\win32\\bin\\httpd.exe -d C:/Users/ipod4/AppData/Roaming/Local/lightning-services/apache-2.4.43+8/bin/win32 -D FOREGROUND -f C:\\Users\\ipod4\\AppData\\Roaming\\Local\\run\\PzgD0ndtC\\conf\\apache\\apache2.conf'
[Thu Nov 07 20:45:48.119719 2024] [mpm_winnt:notice] [pid 55596:tid 756] AH00418: Parent: Created child process 13196
AH00558: httpd.exe: Could not reliably determine the server's fully qualified domain name, using 192.168.11.36. Set the 'ServerName' directive globally to suppress this message
AH00558: httpd.exe: Could not reliably determine the server's fully qualified domain name, using 192.168.11.36. Set the 'ServerName' directive globally to suppress this message
[Thu Nov 07 20:45:58.694156 2024] [mpm_winnt:notice] [pid 13196:tid 752] AH00354: Child: Starting 64 worker threads.
AH00558: httpd.exe: Could not reliably determine the server's fully qualified domain name, using 192.168.0.4. Set the 'ServerName' directive globally to suppress this message
[Fri Nov 08 14:16:38.110933 2024] [core:warn] [pid 83316:tid 644] AH00098: pid file C:/Users/ipod4/AppData/Roaming/Local/run/PzgD0ndtC/apache/logs/httpd.pid overwritten -- Unclean shutdown of previous Apache run?
[Fri Nov 08 14:16:38.116294 2024] [mpm_winnt:notice] [pid 83316:tid 644] AH00455: Apache/2.4.43 (Win32) mod_fcgid/2.3.9a configured -- resuming normal operations
[Fri Nov 08 14:16:38.116294 2024] [mpm_winnt:notice] [pid 83316:tid 644] AH00456: Server built: Apr 21 2020 13:46:54
[Fri Nov 08 14:16:38.116294 2024] [core:notice] [pid 83316:tid 644] AH00094: Command line: 'C:\\Users\\ipod4\\AppData\\Roaming\\Local\\lightning-services\\apache-2.4.43+8\\bin\\win32\\bin\\httpd.exe -d C:/Users/ipod4/AppData/Roaming/Local/lightning-services/apache-2.4.43+8/bin/win32 -D FOREGROUND -f C:\\Users\\ipod4\\AppData\\Roaming\\Local\\run\\PzgD0ndtC\\conf\\apache\\apache2.conf'
[Fri Nov 08 14:16:38.125254 2024] [mpm_winnt:notice] [pid 83316:tid 644] AH00418: Parent: Created child process 34140
AH00558: httpd.exe: Could not reliably determine the server's fully qualified domain name, using 192.168.0.4. Set the 'ServerName' directive globally to suppress this message
AH00558: httpd.exe: Could not reliably determine the server's fully qualified domain name, using 192.168.0.4. Set the 'ServerName' directive globally to suppress this message
[Fri Nov 08 14:16:48.579788 2024] [mpm_winnt:notice] [pid 34140:tid 748] AH00354: Child: Starting 64 worker threads.
AH00558: httpd.exe: Could not reliably determine the server's fully qualified domain name, using 172.20.10.3. Set the 'ServerName' directive globally to suppress this message
[Tue Nov 12 17:55:01.619701 2024] [core:warn] [pid 24540:tid 488] AH00098: pid file C:/Users/ipod4/AppData/Roaming/Local/run/PzgD0ndtC/apache/logs/httpd.pid overwritten -- Unclean shutdown of previous Apache run?
[Tue Nov 12 17:55:01.626735 2024] [mpm_winnt:notice] [pid 24540:tid 488] AH00455: Apache/2.4.43 (Win32) mod_fcgid/2.3.9a configured -- resuming normal operations
[Tue Nov 12 17:55:01.626735 2024] [mpm_winnt:notice] [pid 24540:tid 488] AH00456: Server built: Apr 21 2020 13:46:54
[Tue Nov 12 17:55:01.626735 2024] [core:notice] [pid 24540:tid 488] AH00094: Command line: 'C:\\Users\\ipod4\\AppData\\Roaming\\Local\\lightning-services\\apache-2.4.43+8\\bin\\win32\\bin\\httpd.exe -d C:/Users/ipod4/AppData/Roaming/Local/lightning-services/apache-2.4.43+8/bin/win32 -D FOREGROUND -f C:\\Users\\ipod4\\AppData\\Roaming\\Local\\run\\PzgD0ndtC\\conf\\apache\\apache2.conf'
[Tue Nov 12 17:55:01.637183 2024] [mpm_winnt:notice] [pid 24540:tid 488] AH00418: Parent: Created child process 16924
AH00558: httpd.exe: Could not reliably determine the server's fully qualified domain name, using 172.20.10.3. Set the 'ServerName' directive globally to suppress this message
AH00558: httpd.exe: Could not reliably determine the server's fully qualified domain name, using 172.20.10.3. Set the 'ServerName' directive globally to suppress this message
[Tue Nov 12 17:55:12.264637 2024] [mpm_winnt:notice] [pid 16924:tid 744] AH00354: Child: Starting 64 worker threads.
AH00558: httpd.exe: Could not reliably determine the server's fully qualified domain name, using fe80::6f43:ea05:8180:4859. Set the 'ServerName' directive globally to suppress this message
[Thu Nov 14 15:56:05.507654 2024] [core:warn] [pid 22272:tid 676] AH00098: pid file C:/Users/ipod4/AppData/Roaming/Local/run/PzgD0ndtC/apache/logs/httpd.pid overwritten -- Unclean shutdown of previous Apache run?
[Thu Nov 14 15:56:05.515087 2024] [mpm_winnt:notice] [pid 22272:tid 676] AH00455: Apache/2.4.43 (Win32) mod_fcgid/2.3.9a configured -- resuming normal operations
[Thu Nov 14 15:56:05.515087 2024] [mpm_winnt:notice] [pid 22272:tid 676] AH00456: Server built: Apr 21 2020 13:46:54
[Thu Nov 14 15:56:05.515087 2024] [core:notice] [pid 22272:tid 676] AH00094: Command line: 'C:\\Users\\ipod4\\AppData\\Roaming\\Local\\lightning-services\\apache-2.4.43+8\\bin\\win32\\bin\\httpd.exe -d C:/Users/ipod4/AppData/Roaming/Local/lightning-services/apache-2.4.43+8/bin/win32 -D FOREGROUND -f C:\\Users\\ipod4\\AppData\\Roaming\\Local\\run\\PzgD0ndtC\\conf\\apache\\apache2.conf'
[Thu Nov 14 15:56:05.517636 2024] [mpm_winnt:notice] [pid 22272:tid 676] AH00418: Parent: Created child process 1896
AH00558: httpd.exe: Could not reliably determine the server's fully qualified domain name, using fe80::6f43:ea05:8180:4859. Set the 'ServerName' directive globally to suppress this message
AH00558: httpd.exe: Could not reliably determine the server's fully qualified domain name, using fe80::6f43:ea05:8180:4859. Set the 'ServerName' directive globally to suppress this message
[Thu Nov 14 15:56:06.442113 2024] [mpm_winnt:notice] [pid 1896:tid 720] AH00354: Child: Starting 64 worker threads.
AH00558: httpd.exe: Could not reliably determine the server's fully qualified domain name, using 172.20.10.3. Set the 'ServerName' directive globally to suppress this message
[Thu Nov 14 16:05:25.377852 2024] [core:warn] [pid 21004:tid 640] AH00098: pid file C:/Users/ipod4/AppData/Roaming/Local/run/PzgD0ndtC/apache/logs/httpd.pid overwritten -- Unclean shutdown of previous Apache run?
[Thu Nov 14 16:05:25.386106 2024] [mpm_winnt:notice] [pid 21004:tid 640] AH00455: Apache/2.4.43 (Win32) mod_fcgid/2.3.9a configured -- resuming normal operations
[Thu Nov 14 16:05:25.386106 2024] [mpm_winnt:notice] [pid 21004:tid 640] AH00456: Server built: Apr 21 2020 13:46:54
[Thu Nov 14 16:05:25.386106 2024] [core:notice] [pid 21004:tid 640] AH00094: Command line: 'C:\\Users\\ipod4\\AppData\\Roaming\\Local\\lightning-services\\apache-2.4.43+8\\bin\\win32\\bin\\httpd.exe -d C:/Users/ipod4/AppData/Roaming/Local/lightning-services/apache-2.4.43+8/bin/win32 -D FOREGROUND -f C:\\Users\\ipod4\\AppData\\Roaming\\Local\\run\\PzgD0ndtC\\conf\\apache\\apache2.conf'
[Thu Nov 14 16:05:25.399705 2024] [mpm_winnt:notice] [pid 21004:tid 640] AH00418: Parent: Created child process 24972
AH00558: httpd.exe: Could not reliably determine the server's fully qualified domain name, using 172.20.10.3. Set the 'ServerName' directive globally to suppress this message
AH00558: httpd.exe: Could not reliably determine the server's fully qualified domain name, using 172.20.10.3. Set the 'ServerName' directive globally to suppress this message
[Thu Nov 14 16:06:00.373249 2024] [mpm_winnt:notice] [pid 24972:tid 736] AH00354: Child: Starting 64 worker threads.
